{
"contracts/Raffle.sol":{"l":{"54":3,"55":3,"56":3,"57":3,"58":3,"59":3,"60":3,"61":3,"83":9,"84":9,"85":9,"86":9,"87":9,"97":5,"99":5,"100":1,"106":4,"107":4,"114":4,"120":10,"122":1,"124":9,"126":1,"128":8,"129":8,"136":0,"137":0,"138":0,"139":0,"141":0,"142":0,"144":0,"148":0,"152":0,"156":0,"160":1,"164":12,"168":12,"172":2,"176":0,"180":0},"path":"/Users/miguelpascual/Documents/codeprojects/blockchain/smart-lottery/contracts/Raffle.sol","s":{"1":9,"2":9,"3":9,"4":9,"5":5,"6":5,"7":4,"8":4,"9":10,"10":9,"11":8,"12":8,"13":0,"14":0,"15":0,"16":0,"17":0,"18":0,"19":0,"20":0,"21":1,"22":12,"23":12,"24":2,"25":0,"26":0},"b":{"1":[1,4],"2":[1,9],"3":[1,8],"4":[0,0]},"f":{"1":3,"2":9,"3":5,"4":10,"5":0,"6":0,"7":0,"8":0,"9":1,"10":12,"11":12,"12":2,"13":0,"14":0},"fnMap":{"1":{"name":"constructor","line":53,"loc":{"start":{"line":46,"column":4},"end":{"line":62,"column":4}}},"2":{"name":"checkUpkeep","line":75,"loc":{"start":{"line":75,"column":4},"end":{"line":89,"column":4}}},"3":{"name":"performUpkeep","line":96,"loc":{"start":{"line":96,"column":4},"end":{"line":115,"column":4}}},"4":{"name":"enterRaffle","line":117,"loc":{"start":{"line":117,"column":4},"end":{"line":130,"column":4}}},"5":{"name":"fulfillRandomWords","line":132,"loc":{"start":{"line":132,"column":4},"end":{"line":145,"column":4}}},"6":{"name":"getNumWords","line":147,"loc":{"start":{"line":147,"column":4},"end":{"line":149,"column":4}}},"7":{"name":"getRequestConfirmations","line":151,"loc":{"start":{"line":151,"column":4},"end":{"line":153,"column":4}}},"8":{"name":"getRecentWinner","line":155,"loc":{"start":{"line":155,"column":4},"end":{"line":157,"column":4}}},"9":{"name":"getPlayer","line":159,"loc":{"start":{"line":159,"column":4},"end":{"line":161,"column":4}}},"10":{"name":"getEntranceFee","line":163,"loc":{"start":{"line":163,"column":4},"end":{"line":165,"column":4}}},"11":{"name":"getInterval","line":167,"loc":{"start":{"line":167,"column":4},"end":{"line":169,"column":4}}},"12":{"name":"getRaffleState","line":171,"loc":{"start":{"line":171,"column":4},"end":{"line":173,"column":4}}},"13":{"name":"getLastTimeStamp","line":175,"loc":{"start":{"line":175,"column":4},"end":{"line":177,"column":4}}},"14":{"name":"getNumberOfPlayers","line":179,"loc":{"start":{"line":179,"column":4},"end":{"line":181,"column":4}}}},"statementMap":{"1":{"start":{"line":83,"column":8},"end":{"line":83,"column":55}},"2":{"start":{"line":84,"column":8},"end":{"line":84,"column":76}},"3":{"start":{"line":85,"column":8},"end":{"line":85,"column":46}},"4":{"start":{"line":86,"column":8},"end":{"line":86,"column":51}},"5":{"start":{"line":97,"column":8},"end":{"line":97,"column":47}},"6":{"start":{"line":99,"column":8},"end":{"line":99,"column":3340}},"7":{"start":{"line":107,"column":8},"end":{"line":107,"column":3600}},"8":{"start":{"line":114,"column":8},"end":{"line":114,"column":43}},"9":{"start":{"line":120,"column":8},"end":{"line":120,"column":4063}},"10":{"start":{"line":124,"column":8},"end":{"line":124,"column":4213}},"11":{"start":{"line":128,"column":8},"end":{"line":128,"column":42}},"12":{"start":{"line":129,"column":8},"end":{"line":129,"column":36}},"13":{"start":{"line":136,"column":8},"end":{"line":136,"column":65}},"14":{"start":{"line":137,"column":8},"end":{"line":137,"column":63}},"15":{"start":{"line":139,"column":8},"end":{"line":139,"column":78}},"16":{"start":{"line":141,"column":8},"end":{"line":141,"column":4985}},"17":{"start":{"line":144,"column":8},"end":{"line":144,"column":39}},"18":{"start":{"line":148,"column":8},"end":{"line":148,"column":24}},"19":{"start":{"line":152,"column":8},"end":{"line":152,"column":36}},"20":{"start":{"line":156,"column":8},"end":{"line":156,"column":29}},"21":{"start":{"line":160,"column":8},"end":{"line":160,"column":31}},"22":{"start":{"line":164,"column":8},"end":{"line":164,"column":28}},"23":{"start":{"line":168,"column":8},"end":{"line":168,"column":25}},"24":{"start":{"line":172,"column":8},"end":{"line":172,"column":28}},"25":{"start":{"line":176,"column":8},"end":{"line":176,"column":30}},"26":{"start":{"line":180,"column":8},"end":{"line":180,"column":31}}},"branchMap":{"1":{"line":99,"type":"if","locations":[{"start":{"line":99,"column":8},"end":{"line":99,"column":8}},{"start":{"line":99,"column":8},"end":{"line":99,"column":8}}]},"2":{"line":120,"type":"if","locations":[{"start":{"line":120,"column":8},"end":{"line":120,"column":8}},{"start":{"line":120,"column":8},"end":{"line":120,"column":8}}]},"3":{"line":124,"type":"if","locations":[{"start":{"line":124,"column":8},"end":{"line":124,"column":8}},{"start":{"line":124,"column":8},"end":{"line":124,"column":8}}]},"4":{"line":141,"type":"if","locations":[{"start":{"line":141,"column":8},"end":{"line":141,"column":8}},{"start":{"line":141,"column":8},"end":{"line":141,"column":8}}]}}},
"contracts/test/VRFCoordinatorV2Mock.sol":{"l":{},"path":"/Users/miguelpascual/Documents/codeprojects/blockchain/smart-lottery/contracts/test/VRFCoordinatorV2Mock.sol","s":{},"b":{},"f":{},"fnMap":{},"statementMap":{},"branchMap":{}}}
