TN:
SF:/Users/miguelpascual/Documents/codeprojects/blockchain/smart-lottery/contracts/Raffle.sol
FN:53,constructor
FN:75,checkUpkeep
FN:96,performUpkeep
FN:117,enterRaffle
FN:132,fulfillRandomWords
FN:147,getNumWords
FN:151,getRequestConfirmations
FN:155,getRecentWinner
FN:159,getPlayer
FN:163,getEntranceFee
FN:167,getInterval
FN:171,getRaffleState
FN:175,getLastTimeStamp
FN:179,getNumberOfPlayers
FNF:14
FNH:8
FNDA:3,constructor
FNDA:9,checkUpkeep
FNDA:5,performUpkeep
FNDA:10,enterRaffle
FNDA:0,fulfillRandomWords
FNDA:0,getNumWords
FNDA:0,getRequestConfirmations
FNDA:0,getRecentWinner
FNDA:1,getPlayer
FNDA:12,getEntranceFee
FNDA:12,getInterval
FNDA:2,getRaffleState
FNDA:0,getLastTimeStamp
FNDA:0,getNumberOfPlayers
DA:54,3
DA:55,3
DA:56,3
DA:57,3
DA:58,3
DA:59,3
DA:60,3
DA:61,3
DA:83,9
DA:84,9
DA:85,9
DA:86,9
DA:87,9
DA:97,5
DA:99,5
DA:100,1
DA:106,4
DA:107,4
DA:114,4
DA:120,10
DA:122,1
DA:124,9
DA:126,1
DA:128,8
DA:129,8
DA:136,0
DA:137,0
DA:138,0
DA:139,0
DA:141,0
DA:142,0
DA:144,0
DA:148,0
DA:152,0
DA:156,0
DA:160,1
DA:164,12
DA:168,12
DA:172,2
DA:176,0
DA:180,0
LF:41
LH:29
BRDA:99,1,0,1
BRDA:99,1,1,4
BRDA:120,2,0,1
BRDA:120,2,1,9
BRDA:124,3,0,1
BRDA:124,3,1,8
BRDA:141,4,0,0
BRDA:141,4,1,0
BRF:8
BRH:6
end_of_record
TN:
SF:/Users/miguelpascual/Documents/codeprojects/blockchain/smart-lottery/contracts/test/VRFCoordinatorV2Mock.sol
FNF:0
FNH:0
LF:0
LH:0
BRF:0
BRH:0
end_of_record
